<?xml version="1.0" encoding="UTF-8"?>
<!-- Generated by org.testng.reporters.JUnitReportReporter -->
<testsuite hostname="LAPTOP-P5BV2HJE" name="pom.testcases.POM_TC001" tests="1" failures="0" timestamp="23 Mar 2021 10:56:17 GMT" time="160.173" errors="0">
  <testcase name="irctcSignUp" time="160.173" classname="pom.testcases.POM_TC001"/>
</testsuite> <!-- pom.testcases.POM_TC001 -->
